{
  "stats": {
    "suites": 1,
    "tests": 1,
    "passes": 0,
    "pending": 0,
    "failures": 1,
    "start": "2020-09-29T12:09:07.087Z",
    "end": "2020-09-29T12:09:08.230Z",
    "duration": 1143,
    "testsRegistered": 1,
    "passPercent": 0,
    "pendingPercent": 0,
    "other": 0,
    "hasOther": false,
    "skipped": 0,
    "hasSkipped": false
  },
  "results": [
    {
      "uuid": "f11e23e7-9ee8-433b-8010-80ee8b052ee2",
      "title": "",
      "fullFile": "cypress/integration/local.feature",
      "file": "cypress/integration/local.feature",
      "beforeHooks": [],
      "afterHooks": [],
      "tests": [],
      "suites": [
        {
          "uuid": "cc32bc56-f967-430d-85dd-23fdf5b5ee1b",
          "title": "Check product details page",
          "fullFile": "",
          "file": "",
          "beforeHooks": [],
          "afterHooks": [],
          "tests": [
            {
              "title": "Visit Product page on Local Website",
              "fullTitle": "Check product details page Visit Product page on Local Website",
              "timedOut": null,
              "duration": 1036,
              "state": "failed",
              "speed": null,
              "pass": false,
              "fail": true,
              "pending": false,
              "context": null,
              "code": "const state = window.testState;\nreturn cy\n  .then(() => state.onStartScenario(scenario, indexedSteps))\n  .then(() =>\n    resolveAndRunBeforeHooks.call(this, scenario.tags, state.feature.name)\n  )\n  .then(() =>\n    indexedSteps.forEach(step =>\n      stepTest.call(this, state, step, rowData)\n    )\n  )\n  .then(() =>\n    resolveAndRunAfterHooks.call(this, scenario.tags, state.feature.name)\n  )\n  .then(() => state.onFinishScenario(scenario));",
              "err": {
                "message": "CypressError: `cy.visit()` failed trying to load:\n\nhttp://localhost:8080/\n\nWe attempted to make an http request to this URL but the request failed without a response.\n\nWe received this error at the network level:\n\n  > Error: connect ECONNREFUSED 127.0.0.1:8080\n\nCommon situations why this would fail:\n  - you don't have internet access\n  - you forgot to run / boot your web server\n  - your web server isn't accessible\n  - you have weird network configuration settings on your computer",
                "estack": "CypressError: `cy.visit()` failed trying to load:\n\nhttp://localhost:8080/\n\nWe attempted to make an http request to this URL but the request failed without a response.\n\nWe received this error at the network level:\n\n  > Error: connect ECONNREFUSED 127.0.0.1:8080\n\nCommon situations why this would fail:\n  - you don't have internet access\n  - you forgot to run / boot your web server\n  - your web server isn't accessible\n  - you have weird network configuration settings on your computer\n    at http://localhost:39781/__cypress/runner/cypress_runner.js:157710:23\n    at visitFailedByErr (http://localhost:39781/__cypress/runner/cypress_runner.js:157065:12)\n    at http://localhost:39781/__cypress/runner/cypress_runner.js:157709:11\n    at tryCatcher (http://localhost:39781/__cypress/runner/cypress_runner.js:10325:23)\n    at Promise._settlePromiseFromHandler (http://localhost:39781/__cypress/runner/cypress_runner.js:8260:31)\n    at Promise._settlePromise (http://localhost:39781/__cypress/runner/cypress_runner.js:8317:18)\n    at Promise._settlePromise0 (http://localhost:39781/__cypress/runner/cypress_runner.js:8362:10)\n    at Promise._settlePromises (http://localhost:39781/__cypress/runner/cypress_runner.js:8438:18)\n    at _drainQueueStep (http://localhost:39781/__cypress/runner/cypress_runner.js:5032:12)\n    at _drainQueue (http://localhost:39781/__cypress/runner/cypress_runner.js:5025:9)\n    at Async.../../node_modules/bluebird/js/release/async.js.Async._drainQueues (http://localhost:39781/__cypress/runner/cypress_runner.js:5041:5)\n    at Async.drainQueues (http://localhost:39781/__cypress/runner/cypress_runner.js:4911:14)\nFrom Your Spec Code:\n    at Context.eval (http://localhost:39781/__cypress/tests?p=cypress/integration/local.feature:548:6)\n    at Context.resolveAndRunStepDefinition (http://localhost:39781/__cypress/tests?p=cypress/integration/local.feature:11147:9)\n    at Context.eval (http://localhost:39781/__cypress/tests?p=cypress/integration/local.feature:10489:35)\n\nFrom Node.js Internals:\n  Error: connect ECONNREFUSED 127.0.0.1:8080\n      at TCPConnectWrap.afterConnect [as oncomplete] (net.js:1134:16)\n  \nFrom Your Spec Code:\n    at Context.eval (http://localhost:39781/__cypress/tests?p=cypress/integration/local.feature:548:6)\n    at Context.resolveAndRunStepDefinition (http://localhost:39781/__cypress/tests?p=cypress/integration/local.feature:11147:9)\n    at Context.eval (http://localhost:39781/__cypress/tests?p=cypress/integration/local.feature:10489:35)",
                "diff": null
              },
              "uuid": "12882e63-d2b7-4f45-97fe-a4940fc71e28",
              "parentUUID": "cc32bc56-f967-430d-85dd-23fdf5b5ee1b",
              "isHook": false,
              "skipped": false
            }
          ],
          "suites": [],
          "passes": [],
          "failures": [
            "12882e63-d2b7-4f45-97fe-a4940fc71e28"
          ],
          "pending": [],
          "skipped": [],
          "duration": 1036,
          "root": false,
          "rootEmpty": false,
          "_timeout": 2000
        }
      ],
      "passes": [],
      "failures": [],
      "pending": [],
      "skipped": [],
      "duration": 0,
      "root": true,
      "rootEmpty": true,
      "_timeout": 2000
    }
  ],
  "meta": {
    "mocha": {
      "version": "7.0.1"
    },
    "mochawesome": {
      "options": {
        "quiet": false,
        "reportFilename": "report",
        "saveHtml": true,
        "saveJson": true,
        "consoleReporter": "spec",
        "useInlineDiffs": false,
        "code": true
      },
      "version": "6.1.1"
    },
    "marge": {
      "options": {
        "reportDir": "cypress/reports/",
        "reportFilename": "report",
        "timestamp": "mmddyyyy_HHMM",
        "overwrite": true,
        "html": true,
        "json": true
      },
      "version": "5.1.0"
    }
  }
}