{
  "stats": {
    "suites": 1,
    "tests": 1,
    "passes": 1,
    "pending": 0,
    "failures": 0,
    "start": "2020-09-29T12:08:05.235Z",
    "end": "2020-09-29T12:08:41.254Z",
    "duration": 36019,
    "testsRegistered": 1,
    "passPercent": 100,
    "pendingPercent": 0,
    "other": 0,
    "hasOther": false,
    "skipped": 0,
    "hasSkipped": false
  },
  "results": [
    {
      "uuid": "35d87242-fdec-49e9-8bc3-26a63ba0bdd3",
      "title": "",
      "fullFile": "cypress/integration/insyt.feature",
      "file": "cypress/integration/insyt.feature",
      "beforeHooks": [],
      "afterHooks": [],
      "tests": [],
      "suites": [
        {
          "uuid": "3e440910-95bd-4639-b9e7-d445a2555d85",
          "title": "Claim Submission",
          "fullFile": "",
          "file": "",
          "beforeHooks": [],
          "afterHooks": [],
          "tests": [
            {
              "title": "Submit a claim as claimant",
              "fullTitle": "Claim Submission Submit a claim as claimant",
              "timedOut": null,
              "duration": 28242,
              "state": "passed",
              "speed": "slow",
              "pass": true,
              "fail": false,
              "pending": false,
              "context": null,
              "code": "const state = window.testState;\nreturn cy\n  .then(() => state.onStartScenario(scenario, indexedSteps))\n  .then(() =>\n    resolveAndRunBeforeHooks.call(this, scenario.tags, state.feature.name)\n  )\n  .then(() =>\n    indexedSteps.forEach(step =>\n      stepTest.call(this, state, step, rowData)\n    )\n  )\n  .then(() =>\n    resolveAndRunAfterHooks.call(this, scenario.tags, state.feature.name)\n  )\n  .then(() => state.onFinishScenario(scenario));",
              "err": {},
              "uuid": "83acc788-10ff-4061-abb8-678af0e74f3f",
              "parentUUID": "3e440910-95bd-4639-b9e7-d445a2555d85",
              "isHook": false,
              "skipped": false
            }
          ],
          "suites": [],
          "passes": [
            "83acc788-10ff-4061-abb8-678af0e74f3f"
          ],
          "failures": [],
          "pending": [],
          "skipped": [],
          "duration": 28242,
          "root": false,
          "rootEmpty": false,
          "_timeout": 2000
        }
      ],
      "passes": [],
      "failures": [],
      "pending": [],
      "skipped": [],
      "duration": 0,
      "root": true,
      "rootEmpty": true,
      "_timeout": 2000
    }
  ],
  "meta": {
    "mocha": {
      "version": "7.0.1"
    },
    "mochawesome": {
      "options": {
        "quiet": false,
        "reportFilename": "report",
        "saveHtml": true,
        "saveJson": true,
        "consoleReporter": "spec",
        "useInlineDiffs": false,
        "code": true
      },
      "version": "6.1.1"
    },
    "marge": {
      "options": {
        "reportDir": "cypress/reports/",
        "reportFilename": "report",
        "timestamp": "mmddyyyy_HHMM",
        "overwrite": true,
        "html": true,
        "json": true
      },
      "version": "5.1.0"
    }
  }
}